# JRE version: OpenJDK Runtime Environment (8.0_152-b01) (build 1.8.0_152-release-1343-b01)
# Java VM: OpenJDK 64-Bit Server VM (25.152-b01 mixed mode windows-amd64 compressed oops)
Heap:
 PSYoungGen      total 305152K, used 196091K [0x00000000e0000000, 0x00000000f7600000, 0x0000000100000000)
  eden space 273408K, 62% used [0x00000000e0000000,0x00000000ea65f8d8,0x00000000f0b00000)
  from space 31744K, 81% used [0x00000000f5700000,0x00000000f701f680,0x00000000f7600000)
  to   space 54784K, 0% used [0x00000000f0b00000,0x00000000f0b00000,0x00000000f4080000)
 ParOldGen       total 269824K, used 57231K [0x00000000a0000000, 0x00000000b0780000, 0x00000000e0000000)
  object space 269824K, 21% used [0x00000000a0000000,0x00000000a37e3fc8,0x00000000b0780000)
 Metaspace       used 96436K, capacity 103524K, committed 103808K, reserved 1138688K
  class space    used 12189K, capacity 13594K, committed 13696K, reserved 1048576K
GC Heap History (10 events):
Event: 2391.228 GC heap before
{Heap before GC invocations=26 (full 4):
 PSYoungGen      total 220160K, used 214221K [0x00000000e0000000, 0x00000000f0d80000, 0x0000000100000000)
  eden space 173568K, 99% used [0x00000000e0000000,0x00000000ea8f8b78,0x00000000ea980000)
  from space 46592K, 88% used [0x00000000ead00000,0x00000000ed53aa40,0x00000000eda80000)
  to   space 51200K, 0% used [0x00000000edb80000,0x00000000edb80000,0x00000000f0d80000)
 ParOldGen       total 269824K, used 42679K [0x00000000a0000000, 0x00000000b0780000, 0x00000000e0000000)
  object space 269824K, 15% used [0x00000000a0000000,0x00000000a29adf08,0x00000000b0780000)
 Metaspace       used 86323K, capacity 92044K, committed 92288K, reserved 1130496K
  class space    used 10923K, capacity 12072K, committed 12160K, reserved 1048576K
Event: 2391.244 GC heap after
Heap after GC invocations=26 (full 4):
 PSYoungGen      total 221184K, used 40513K [0x00000000e0000000, 0x00000000f1100000, 0x0000000100000000)
  eden space 169984K, 0% used [0x00000000e0000000,0x00000000e0000000,0x00000000ea600000)
  from space 51200K, 79% used [0x00000000edb80000,0x00000000f0310608,0x00000000f0d80000)
  to   space 54784K, 0% used [0x00000000ea600000,0x00000000ea600000,0x00000000edb80000)
 ParOldGen       total 269824K, used 42687K [0x00000000a0000000, 0x00000000b0780000, 0x00000000e0000000)
  object space 269824K, 15% used [0x00000000a0000000,0x00000000a29aff08,0x00000000b0780000)
 Metaspace       used 86323K, capacity 92044K, committed 92288K, reserved 1130496K
  class space    used 10923K, capacity 12072K, committed 12160K, reserved 1048576K
}
Event: 2391.259 GC heap before
{Heap before GC invocations=27 (full 4):
 PSYoungGen      total 221184K, used 210079K [0x00000000e0000000, 0x00000000f1100000, 0x0000000100000000)
  eden space 169984K, 99% used [0x00000000e0000000,0x00000000ea597618,0x00000000ea600000)
  from space 51200K, 79% used [0x00000000edb80000,0x00000000f0310608,0x00000000f0d80000)
  to   space 54784K, 0% used [0x00000000ea600000,0x00000000ea600000,0x00000000edb80000)
 ParOldGen       total 269824K, used 42687K [0x00000000a0000000, 0x00000000b0780000, 0x00000000e0000000)
  object space 269824K, 15% used [0x00000000a0000000,0x00000000a29aff08,0x00000000b0780000)
 Metaspace       used 86327K, capacity 92044K, committed 92288K, reserved 1130496K
  class space    used 10923K, capacity 12072K, committed 12160K, reserved 1048576K
Event: 2391.277 GC heap after
Heap after GC invocations=27 (full 4):
 PSYoungGen      total 224768K, used 37109K [0x00000000e0000000, 0x00000000f4c80000, 0x0000000100000000)
  eden space 169984K, 0% used [0x00000000e0000000,0x00000000e0000000,0x00000000ea600000)
  from space 54784K, 67% used [0x00000000ea600000,0x00000000eca3d4d8,0x00000000edb80000)
  to   space 56320K, 0% used [0x00000000f1580000,0x00000000f1580000,0x00000000f4c80000)
 ParOldGen       total 269824K, used 42695K [0x00000000a0000000, 0x00000000b0780000, 0x00000000e0000000)
  object space 269824K, 15% used [0x00000000a0000000,0x00000000a29b1f08,0x00000000b0780000)
 Metaspace       used 86327K, capacity 92044K, committed 92288K, reserved 1130496K
  class space    used 10923K, capacity 12072K, committed 12160K, reserved 1048576K
}
Event: 2394.706 GC heap before
{Heap before GC invocations=28 (full 4):
 PSYoungGen      total 224768K, used 207093K [0x00000000e0000000, 0x00000000f4c80000, 0x0000000100000000)
  eden space 169984K, 100% used [0x00000000e0000000,0x00000000ea600000,0x00000000ea600000)
  from space 54784K, 67% used [0x00000000ea600000,0x00000000eca3d4d8,0x00000000edb80000)
  to   space 56320K, 0% used [0x00000000f1580000,0x00000000f1580000,0x00000000f4c80000)
 ParOldGen       total 269824K, used 42695K [0x00000000a0000000, 0x00000000b0780000, 0x00000000e0000000)
  object space 269824K, 15% used [0x00000000a0000000,0x00000000a29b1f08,0x00000000b0780000)
 Metaspace       used 87222K, capacity 93148K, committed 93184K, reserved 1130496K
  class space    used 11074K, capacity 12254K, committed 12288K, reserved 1048576K
Event: 2394.727 GC heap after
Heap after GC invocations=28 (full 4):
 PSYoungGen      total 280064K, used 37774K [0x00000000e0000000, 0x00000000f4b80000, 0x0000000100000000)
  eden space 224768K, 0% used [0x00000000e0000000,0x00000000e0000000,0x00000000edb80000)
  from space 55296K, 68% used [0x00000000f1580000,0x00000000f3a63860,0x00000000f4b80000)
  to   space 57344K, 0% used [0x00000000edb80000,0x00000000edb80000,0x00000000f1380000)
 ParOldGen       total 269824K, used 42703K [0x00000000a0000000, 0x00000000b0780000, 0x00000000e0000000)
  object space 269824K, 15% used [0x00000000a0000000,0x00000000a29b3f08,0x00000000b0780000)
 Metaspace       used 87222K, capacity 93148K, committed 93184K, reserved 1130496K
  class space    used 11074K, capacity 12254K, committed 12288K, reserved 1048576K
}
Event: 2396.441 GC heap before
{Heap before GC invocations=29 (full 4):
 PSYoungGen      total 280064K, used 262542K [0x00000000e0000000, 0x00000000f4b80000, 0x0000000100000000)
  eden space 224768K, 100% used [0x00000000e0000000,0x00000000edb80000,0x00000000edb80000)
  from space 55296K, 68% used [0x00000000f1580000,0x00000000f3a63860,0x00000000f4b80000)
  to   space 57344K, 0% used [0x00000000edb80000,0x00000000edb80000,0x00000000f1380000)
 ParOldGen       total 269824K, used 42703K [0x00000000a0000000, 0x00000000b0780000, 0x00000000e0000000)
  object space 269824K, 15% used [0x00000000a0000000,0x00000000a29b3f08,0x00000000b0780000)
 Metaspace       used 88411K, capacity 94676K, committed 94976K, reserved 1132544K
  class space    used 11213K, capacity 12428K, committed 12544K, reserved 1048576K
Event: 2396.487 GC heap after
Heap after GC invocations=29 (full 4):
 PSYoungGen      total 282112K, used 34823K [0x00000000e0000000, 0x00000000f8e80000, 0x0000000100000000)
  eden space 224768K, 0% used [0x00000000e0000000,0x00000000e0000000,0x00000000edb80000)
  from space 57344K, 60% used [0x00000000edb80000,0x00000000efd81fe0,0x00000000f1380000)
  to   space 56832K, 0% used [0x00000000f5700000,0x00000000f5700000,0x00000000f8e80000)
 ParOldGen       total 269824K, used 44629K [0x00000000a0000000, 0x00000000b0780000, 0x00000000e0000000)
  object space 269824K, 16% used [0x00000000a0000000,0x00000000a2b95768,0x00000000b0780000)
 Metaspace       used 88411K, capacity 94676K, committed 94976K, reserved 1132544K
  class space    used 11213K, capacity 12428K, committed 12544K, reserved 1048576K
}
Event: 2425.494 GC heap before
{Heap before GC invocations=30 (full 4):
 PSYoungGen      total 282112K, used 259591K [0x00000000e0000000, 0x00000000f8e80000, 0x0000000100000000)
  eden space 224768K, 100% used [0x00000000e0000000,0x00000000edb80000,0x00000000edb80000)
  from space 57344K, 60% used [0x00000000edb80000,0x00000000efd81fe0,0x00000000f1380000)
  to   space 56832K, 0% used [0x00000000f5700000,0x00000000f5700000,0x00000000f8e80000)
 ParOldGen       total 269824K, used 44629K [0x00000000a0000000, 0x00000000b0780000, 0x00000000e0000000)
  object space 269824K, 16% used [0x00000000a0000000,0x00000000a2b95768,0x00000000b0780000)
 Metaspace       used 88905K, capacity 95382K, committed 95488K, reserved 1132544K
  class space    used 11254K, capacity 12519K, committed 12544K, reserved 1048576K
Event: 2425.527 GC heap after
Heap after GC invocations=30 (full 4):
 PSYoungGen      total 305152K, used 25725K [0x00000000e0000000, 0x00000000f7600000, 0x0000000100000000)
  eden space 273408K, 0% used [0x00000000e0000000,0x00000000e0000000,0x00000000f0b00000)
  from space 31744K, 81% used [0x00000000f5700000,0x00000000f701f680,0x00000000f7600000)
  to   space 54784K, 0% used [0x00000000f0b00000,0x00000000f0b00000,0x00000000f4080000)
 ParOldGen       total 269824K, used 57231K [0x00000000a0000000, 0x00000000b0780000, 0x00000000e0000000)
  object space 269824K, 21% used [0x00000000a0000000,0x00000000a37e3fc8,0x00000000b0780000)
 Metaspace       used 88905K, capacity 95382K, committed 95488K, reserved 1132544K
  class space    used 11254K, capacity 12519K, committed 12544K, reserved 1048576K
}

